0 info it worked if it ends with ok
1 verbose cli [ '/Users/nicholas.grinyer-kir/.nvm/versions/node/v5.9.1/bin/node',
1 verbose cli   '/Users/nicholas.grinyer-kir/.nvm/versions/node/v5.9.1/bin/npm',
1 verbose cli   'run',
1 verbose cli   'dev' ]
2 info using npm@3.10.5
3 info using node@v5.9.1
4 verbose run-script [ 'predev', 'dev', 'postdev' ]
5 info lifecycle hope-ls@0.0.0~predev: hope-ls@0.0.0
6 silly lifecycle hope-ls@0.0.0~predev: no script for predev, continuing
7 info lifecycle hope-ls@0.0.0~dev: hope-ls@0.0.0
8 verbose lifecycle hope-ls@0.0.0~dev: unsafe-perm in lifecycle true
9 verbose lifecycle hope-ls@0.0.0~dev: PATH: /Users/nicholas.grinyer-kir/.nvm/versions/node/v5.9.1/lib/node_modules/npm/bin/node-gyp-bin:/Users/nicholas.grinyer-kir/Development/hope-ls/node_modules/.bin:/Users/nicholas.grinyer-kir/.nvm/versions/node/v5.9.1/bin:/Users/nicholas.grinyer-kir/.nvm/versions/node/v5.9.1/bin:/Users/nicholas.grinyer-kir/local_bins:/usr/local/opt/coreutils/libexec/gnubin:/usr/local/bin:/usr/bin:/bin:/usr/sbin:/sbin
10 verbose lifecycle hope-ls@0.0.0~dev: CWD: /Users/nicholas.grinyer-kir/Development/hope-ls
11 silly lifecycle hope-ls@0.0.0~dev: Args: [ '-c',
11 silly lifecycle   'devtool ./node_modules/mocha/bin/_mocha --no-source-maps -- --opts ./mocha.opts ./lib/**/*.spec.js' ]
12 silly lifecycle hope-ls@0.0.0~dev: Returned: code: 1  signal: null
13 info lifecycle hope-ls@0.0.0~dev: Failed to exec dev script
14 verbose stack Error: hope-ls@0.0.0 dev: `devtool ./node_modules/mocha/bin/_mocha --no-source-maps -- --opts ./mocha.opts ./lib/**/*.spec.js`
14 verbose stack Exit status 1
14 verbose stack     at EventEmitter.<anonymous> (/Users/nicholas.grinyer-kir/.nvm/versions/node/v5.9.1/lib/node_modules/npm/lib/utils/lifecycle.js:242:16)
14 verbose stack     at emitTwo (events.js:100:13)
14 verbose stack     at EventEmitter.emit (events.js:185:7)
14 verbose stack     at ChildProcess.<anonymous> (/Users/nicholas.grinyer-kir/.nvm/versions/node/v5.9.1/lib/node_modules/npm/lib/utils/spawn.js:40:14)
14 verbose stack     at emitTwo (events.js:100:13)
14 verbose stack     at ChildProcess.emit (events.js:185:7)
14 verbose stack     at maybeClose (internal/child_process.js:850:16)
14 verbose stack     at Process.ChildProcess._handle.onexit (internal/child_process.js:215:5)
15 verbose pkgid hope-ls@0.0.0
16 verbose cwd /Users/nicholas.grinyer-kir/Development/hope-ls
17 error Darwin 15.6.0
18 error argv "/Users/nicholas.grinyer-kir/.nvm/versions/node/v5.9.1/bin/node" "/Users/nicholas.grinyer-kir/.nvm/versions/node/v5.9.1/bin/npm" "run" "dev"
19 error node v5.9.1
20 error npm  v3.10.5
21 error code ELIFECYCLE
22 error hope-ls@0.0.0 dev: `devtool ./node_modules/mocha/bin/_mocha --no-source-maps -- --opts ./mocha.opts ./lib/**/*.spec.js`
22 error Exit status 1
23 error Failed at the hope-ls@0.0.0 dev script 'devtool ./node_modules/mocha/bin/_mocha --no-source-maps -- --opts ./mocha.opts ./lib/**/*.spec.js'.
23 error Make sure you have the latest version of node.js and npm installed.
23 error If you do, this is most likely a problem with the hope-ls package,
23 error not with npm itself.
23 error Tell the author that this fails on your system:
23 error     devtool ./node_modules/mocha/bin/_mocha --no-source-maps -- --opts ./mocha.opts ./lib/**/*.spec.js
23 error You can get information on how to open an issue for this project with:
23 error     npm bugs hope-ls
23 error Or if that isn't available, you can get their info via:
23 error     npm owner ls hope-ls
23 error There is likely additional logging output above.
24 verbose exit [ 1, true ]
